<?xml version="1.0" encoding="UTF-8"?>
<testrun name="ShareCheckTesting" project="ShareCheck" tests="15" started="15" failures="0" errors="3" ignored="0">
  <testsuite name="ShareCheckTesting.ShareCheckTesting" time="0.001">
    <testcase name="testTotalStockValue" classname="ShareCheckTesting.ShareCheckTesting" time="0.0"/>
    <testcase name="testEmptyShares" classname="ShareCheckTesting.ShareCheckTesting" time="0.0"/>
    <testcase name="testEmptyItems" classname="ShareCheckTesting.ShareCheckTesting" time="0.0"/>
    <testcase name="testEmptyStockSymbols" classname="ShareCheckTesting.ShareCheckTesting" time="0.0"/>
    <testcase name="testEmptyStockBeans" classname="ShareCheckTesting.ShareCheckTesting" time="0.0"/>
    <testcase name="testIndividualStockSymbol" classname="ShareCheckTesting.ShareCheckTesting" time="0.0"/>
    <testcase name="testNumberOfShares" classname="ShareCheckTesting.ShareCheckTesting" time="0.0"/>
    <testcase name="testIndividualShareName" classname="ShareCheckTesting.ShareCheckTesting" time="0.0"/>
    <testcase name="testNumberOfSharesNames" classname="ShareCheckTesting.ShareCheckTesting" time="0.0"/>
    <testcase name="testNumberOfStockSymbols" classname="ShareCheckTesting.ShareCheckTesting" time="0.0"/>
    <testcase name="testIndividualStockShares" classname="ShareCheckTesting.ShareCheckTesting" time="0.0"/>
    <testcase name="testDateTime" classname="ShareCheckTesting.ShareCheckTesting" time="0.0"/>
    <testcase name="testToBigDecimal" classname="ShareCheckTesting.ShareCheckTesting" time="0.0">
      <error>java.lang.ArrayIndexOutOfBoundsException: 0
	at com.agile.share.check.Stock.ShareCheck.getStockPortfolioTotalValue(ShareCheck.java:166)
	at ShareCheckTesting.ShareCheckTesting.testToBigDecimal(ShareCheckTesting.java:101)
	at sun.reflect.NativeMethodAccessorImpl.invoke0(Native Method)
	at sun.reflect.NativeMethodAccessorImpl.invoke(Unknown Source)
	at sun.reflect.DelegatingMethodAccessorImpl.invoke(Unknown Source)
	at java.lang.reflect.Method.invoke(Unknown Source)
	at junit.framework.TestCase.runTest(TestCase.java:164)
	at junit.framework.TestCase.runBare(TestCase.java:130)
	at junit.framework.TestResult$1.protect(TestResult.java:106)
	at junit.framework.TestResult.runProtected(TestResult.java:124)
	at junit.framework.TestResult.run(TestResult.java:109)
	at junit.framework.TestCase.run(TestCase.java:120)
	at junit.framework.TestSuite.runTest(TestSuite.java:230)
	at junit.framework.TestSuite.run(TestSuite.java:225)
	at org.eclipse.jdt.internal.junit.runner.junit3.JUnit3TestReference.run(JUnit3TestReference.java:130)
	at org.eclipse.jdt.internal.junit.runner.TestExecution.run(TestExecution.java:38)
	at org.eclipse.jdt.internal.junit.runner.RemoteTestRunner.runTests(RemoteTestRunner.java:467)
	at org.eclipse.jdt.internal.junit.runner.RemoteTestRunner.runTests(RemoteTestRunner.java:683)
	at org.eclipse.jdt.internal.junit.runner.RemoteTestRunner.run(RemoteTestRunner.java:390)
	at org.eclipse.jdt.internal.junit.runner.RemoteTestRunner.main(RemoteTestRunner.java:197)

</error>
    </testcase>
    <testcase name="testTotalShareValue" classname="ShareCheckTesting.ShareCheckTesting" time="0.0">
      <error>java.lang.ArrayIndexOutOfBoundsException: 0
	at com.agile.share.check.Stock.ShareCheck.getTotalStockValueForShare(ShareCheck.java:130)
	at ShareCheckTesting.ShareCheckTesting.testTotalShareValue(ShareCheckTesting.java:106)
	at sun.reflect.NativeMethodAccessorImpl.invoke0(Native Method)
	at sun.reflect.NativeMethodAccessorImpl.invoke(Unknown Source)
	at sun.reflect.DelegatingMethodAccessorImpl.invoke(Unknown Source)
	at java.lang.reflect.Method.invoke(Unknown Source)
	at junit.framework.TestCase.runTest(TestCase.java:164)
	at junit.framework.TestCase.runBare(TestCase.java:130)
	at junit.framework.TestResult$1.protect(TestResult.java:106)
	at junit.framework.TestResult.runProtected(TestResult.java:124)
	at junit.framework.TestResult.run(TestResult.java:109)
	at junit.framework.TestCase.run(TestCase.java:120)
	at junit.framework.TestSuite.runTest(TestSuite.java:230)
	at junit.framework.TestSuite.run(TestSuite.java:225)
	at org.eclipse.jdt.internal.junit.runner.junit3.JUnit3TestReference.run(JUnit3TestReference.java:130)
	at org.eclipse.jdt.internal.junit.runner.TestExecution.run(TestExecution.java:38)
	at org.eclipse.jdt.internal.junit.runner.RemoteTestRunner.runTests(RemoteTestRunner.java:467)
	at org.eclipse.jdt.internal.junit.runner.RemoteTestRunner.runTests(RemoteTestRunner.java:683)
	at org.eclipse.jdt.internal.junit.runner.RemoteTestRunner.run(RemoteTestRunner.java:390)
	at org.eclipse.jdt.internal.junit.runner.RemoteTestRunner.main(RemoteTestRunner.java:197)

</error>
    </testcase>
    <testcase name="testTotalShareValueToBigDecimal" classname="ShareCheckTesting.ShareCheckTesting" time="0.0">
      <error>java.lang.ArrayIndexOutOfBoundsException: 0
	at com.agile.share.check.Stock.ShareCheck.getTotalStockValueForShare(ShareCheck.java:130)
	at ShareCheckTesting.ShareCheckTesting.testTotalShareValueToBigDecimal(ShareCheckTesting.java:111)
	at sun.reflect.NativeMethodAccessorImpl.invoke0(Native Method)
	at sun.reflect.NativeMethodAccessorImpl.invoke(Unknown Source)
	at sun.reflect.DelegatingMethodAccessorImpl.invoke(Unknown Source)
	at java.lang.reflect.Method.invoke(Unknown Source)
	at junit.framework.TestCase.runTest(TestCase.java:164)
	at junit.framework.TestCase.runBare(TestCase.java:130)
	at junit.framework.TestResult$1.protect(TestResult.java:106)
	at junit.framework.TestResult.runProtected(TestResult.java:124)
	at junit.framework.TestResult.run(TestResult.java:109)
	at junit.framework.TestCase.run(TestCase.java:120)
	at junit.framework.TestSuite.runTest(TestSuite.java:230)
	at junit.framework.TestSuite.run(TestSuite.java:225)
	at org.eclipse.jdt.internal.junit.runner.junit3.JUnit3TestReference.run(JUnit3TestReference.java:130)
	at org.eclipse.jdt.internal.junit.runner.TestExecution.run(TestExecution.java:38)
	at org.eclipse.jdt.internal.junit.runner.RemoteTestRunner.runTests(RemoteTestRunner.java:467)
	at org.eclipse.jdt.internal.junit.runner.RemoteTestRunner.runTests(RemoteTestRunner.java:683)
	at org.eclipse.jdt.internal.junit.runner.RemoteTestRunner.run(RemoteTestRunner.java:390)
	at org.eclipse.jdt.internal.junit.runner.RemoteTestRunner.main(RemoteTestRunner.java:197)

</error>
    </testcase>
  </testsuite>
</testrun>
